[35m[1mScanning dependencies of target hw5_node[0m
[ 50%] [32mBuilding CXX object CMakeFiles/hw5_node.dir/src/rso.cpp.o[0m
In file included from [01m[K/opt/ros/kinetic/include/ros/serialization.h:37:0[m[K,
                 from [01m[K/opt/ros/kinetic/include/ros/publisher.h:34[m[K,
                 from [01m[K/opt/ros/kinetic/include/ros/node_handle.h:32[m[K,
                 from [01m[K/opt/ros/kinetic/include/ros/ros.h:45[m[K,
                 from [01m[K/home/users/fri/matthew_ws/catkin_ws/src/hw5/src/rso.cpp:1[m[K:
/opt/ros/kinetic/include/ros/message_traits.h: In instantiation of â€˜[01m[Kstatic const char* ros::message_traits::MD5Sum<M>::value() [with M = std::__cxx11::basic_string<char>][m[Kâ€™:
[01m[K/opt/ros/kinetic/include/ros/message_traits.h:228:102:[m[K   required from â€˜[01m[Kconst char* ros::message_traits::md5sum() [with M = std::__cxx11::basic_string<char>][m[Kâ€™
[01m[K/opt/ros/kinetic/include/ros/subscribe_options.h:89:49:[m[K   required from â€˜[01m[Kvoid ros::SubscribeOptions::initByFullCallbackType(const string&, uint32_t, const boost::function<void(P)>&, const boost::function<boost::shared_ptr<typename ros::ParameterAdapter<P>::Message>()>&) [with P = std::__cxx11::basic_string<char>; std::__cxx11::string = std::__cxx11::basic_string<char>; uint32_t = unsigned int; typename ros::ParameterAdapter<P>::Message = std::__cxx11::basic_string<char>][m[Kâ€™
[01m[K/opt/ros/kinetic/include/ros/node_handle.h:659:5:[m[K   required from â€˜[01m[Kros::Subscriber ros::NodeHandle::subscribe(const string&, uint32_t, void (*)(M), const ros::TransportHints&) [with M = std::__cxx11::basic_string<char>; std::__cxx11::string = std::__cxx11::basic_string<char>; uint32_t = unsigned int][m[Kâ€™
[01m[K/home/users/fri/matthew_ws/catkin_ws/src/hw5/src/rso.cpp:87:67:[m[K   required from here
[01m[K/opt/ros/kinetic/include/ros/message_traits.h:121:28:[m[K [01;31m[Kerror: [m[Kâ€˜[01m[K__s_getMD5Sum[m[Kâ€™ is not a member of â€˜[01m[Kstd::__cxx11::basic_string<char>[m[Kâ€™
     return M::__s_getMD5Sum().c_str();
[01;32m[K                            ^[m[K
/opt/ros/kinetic/include/ros/message_traits.h: In instantiation of â€˜[01m[Kstatic const char* ros::message_traits::DataType<M>::value() [with M = std::__cxx11::basic_string<char>][m[Kâ€™:
[01m[K/opt/ros/kinetic/include/ros/message_traits.h:237:104:[m[K   required from â€˜[01m[Kconst char* ros::message_traits::datatype() [with M = std::__cxx11::basic_string<char>][m[Kâ€™
[01m[K/opt/ros/kinetic/include/ros/subscribe_options.h:90:53:[m[K   required from â€˜[01m[Kvoid ros::SubscribeOptions::initByFullCallbackType(const string&, uint32_t, const boost::function<void(P)>&, const boost::function<boost::shared_ptr<typename ros::ParameterAdapter<P>::Message>()>&) [with P = std::__cxx11::basic_string<char>; std::__cxx11::string = std::__cxx11::basic_string<char>; uint32_t = unsigned int; typename ros::ParameterAdapter<P>::Message = std::__cxx11::basic_string<char>][m[Kâ€™
[01m[K/opt/ros/kinetic/include/ros/node_handle.h:659:5:[m[K   required from â€˜[01m[Kros::Subscriber ros::NodeHandle::subscribe(const string&, uint32_t, void (*)(M), const ros::TransportHints&) [with M = std::__cxx11::basic_string<char>; std::__cxx11::string = std::__cxx11::basic_string<char>; uint32_t = unsigned int][m[Kâ€™
[01m[K/home/users/fri/matthew_ws/catkin_ws/src/hw5/src/rso.cpp:87:67:[m[K   required from here
[01m[K/opt/ros/kinetic/include/ros/message_traits.h:138:30:[m[K [01;31m[Kerror: [m[Kâ€˜[01m[K__s_getDataType[m[Kâ€™ is not a member of â€˜[01m[Kstd::__cxx11::basic_string<char>[m[Kâ€™
     return M::__s_getDataType().c_str();
[01;32m[K                              ^[m[K
CMakeFiles/hw5_node.dir/build.make:62: recipe for target 'CMakeFiles/hw5_node.dir/src/rso.cpp.o' failed
make[2]: *** [CMakeFiles/hw5_node.dir/src/rso.cpp.o] Error 1
CMakeFiles/Makefile2:67: recipe for target 'CMakeFiles/hw5_node.dir/all' failed
make[1]: *** [CMakeFiles/hw5_node.dir/all] Error 2
Makefile:138: recipe for target 'all' failed
make: *** [all] Error 2
