[01m[K/home/users/fri/matthew_ws/catkin_ws/src/hw5/src/rso.cpp:[m[K In function â€˜[01m[Kint main(int, char**)[m[Kâ€™:
[01m[K/home/users/fri/matthew_ws/catkin_ws/src/hw5/src/rso.cpp:27:34:[m[K [01;31m[Kerror: [m[Kconversion from â€˜[01m[Kstd::vector<std::__cxx11::basic_string<char> >::iterator {aka __gnu_cxx::__normal_iterator<std::__cxx11::basic_string<char>*, std::vector<std::__cxx11::basic_string<char> > >}[m[Kâ€™ to non-scalar type â€˜[01m[Kstd::__cxx11::string {aka std::__cxx11::basic_string<char>}[m[Kâ€™ requested
     string location = doors.begin();
[01;32m[K                                  ^[m[K
[01m[K/home/users/fri/matthew_ws/catkin_ws/src/hw5/src/rso.cpp:56:6:[m[K [01;31m[Kerror: [m[Kâ€˜[01m[Kboolean[m[Kâ€™ was not declared in this scope
      boolean cont = client.getState().isDone();
[01;32m[K      ^[m[K
[01m[K/home/users/fri/matthew_ws/catkin_ws/src/hw5/src/rso.cpp:58:22:[m[K [01;31m[Kerror: [m[Kâ€˜[01m[Kcont[m[Kâ€™ was not declared in this scope
      for(int i = 0; !cont && i < 50; i++) {
[01;32m[K                      ^[m[K
[01m[K/home/users/fri/matthew_ws/catkin_ws/src/hw5/src/rso.cpp:60:10:[m[K [01;31m[Kerror: [m[Kâ€˜[01m[Kclient.actionlib::SimpleActionClient<ActionSpec>::getState<plan_execution::ExecutePlanAction_<std::allocator<void> > >[m[Kâ€™ does not have class type
   cont = client.getState.isDone();
[01;32m[K          ^[m[K
make[2]: *** [CMakeFiles/hw5_node.dir/src/rso.cpp.o] Error 1
make[1]: *** [CMakeFiles/hw5_node.dir/all] Error 2
make: *** [all] Error 2
